<?xml version="1.0" encoding="UTF-8"?>
<!-- Generated by org.testng.reporters.JUnitReportReporter -->
<testsuite hostname="DESKTOP-HUIRSRT" name="org.automation.Automation" tests="1" failures="0" timestamp="30 Apr 2022 08:36:31 GMT" time="8.763" errors="0">
  <testcase name="test" time="8.763" classname="org.automation.Automation"/>
</testsuite> <!-- org.automation.Automation -->
