<?xml version="1.0" encoding="UTF-8"?>
<!-- Generated by org.testng.reporters.JUnitReportReporter -->
<testsuite skipped="0" hostname="DESKTOP-Q5NUDM9" name="org.excelData.ExcelToDataProvider" tests="2" failures="0" timestamp="2021-11-20T13:41:34 PST" time="0.023" errors="0">
  <testcase name="raj" time="0.023" classname="org.excelData.ExcelToDataProvider"/>
  <system-out/>
  <testcase name="raj" time="0.000" classname="org.excelData.ExcelToDataProvider"/>
  <system-out/>
</testsuite> <!-- org.excelData.ExcelToDataProvider -->
