<?xml version="1.0" encoding="UTF-8"?>
<!-- Generated by org.testng.reporters.JUnitReportReporter -->
<testsuite hostname="DESKTOP-HUIRSRT" name="org.flipkart.Flipkart" tests="1" failures="0" timestamp="5 Feb 2022 18:41:48 GMT" time="63.076" errors="0">
  <testcase name="test1" time="63.076" classname="org.flipkart.Flipkart"/>
</testsuite> <!-- org.flipkart.Flipkart -->
