<?xml version="1.0" encoding="UTF-8"?>
<!-- Generated by org.testng.reporters.JUnitReportReporter -->
<testsuite hostname="DESKTOP-HUIRSRT" name="org.facebook.flipkart" tests="1" failures="0" timestamp="20 Feb 2022 08:36:01 GMT" time="21.337" errors="0">
  <testcase name="test" time="21.337" classname="org.facebook.flipkart"/>
</testsuite> <!-- org.facebook.flipkart -->
