<?xml version="1.0" encoding="UTF-8"?>
<!-- Generated by org.testng.reporters.JUnitReportReporter -->
<testsuite hostname="DESKTOP-HUIRSRT" name="org.testng.TestNg1" tests="1" failures="0" timestamp="22 Jan 2022 05:08:37 GMT" time="7.343" errors="0">
  <testcase name="test1" time="7.343" classname="org.testng.TestNg1"/>
</testsuite> <!-- org.testng.TestNg1 -->
