<?xml version="1.0" encoding="UTF-8"?>
<!-- Generated by org.testng.reporters.JUnitReportReporter -->
<testsuite skipped="0" hostname="DESKTOP-Q5NUDM9" name="org.adactin.practice" tests="1" failures="0" timestamp="2021-10-21T00:14:42 PDT" time="14.819" errors="0">
  <testcase name="test1" time="14.819" classname="org.adactin.practice"/>
  <system-out/>
</testsuite> <!-- org.adactin.practice -->
