<?xml version="1.0" encoding="UTF-8"?>
<!-- Generated by org.testng.reporters.JUnitReportReporter -->
<testsuite hostname="DESKTOP-HUIRSRT" name="org.practices.Amazon" tests="1" failures="0" timestamp="22 May 2023 20:49:35 GMT" time="147.969" errors="0">
  <testcase name="test" time="147.969" classname="org.practices.Amazon"/>
</testsuite> <!-- org.practices.Amazon -->
