<?xml version="1.0" encoding="UTF-8"?>
<!-- Generated by org.testng.reporters.JUnitReportReporter -->
<testsuite skipped="0" hostname="DESKTOP-Q5NUDM9" name="org.zomato.Zomato" tests="1" failures="0" timestamp="2021-10-30T05:29:00 PDT" time="0.016" errors="0">
  <testcase name="test1" time="0.016" classname="org.zomato.Zomato"/>
  <system-out/>
</testsuite> <!-- org.zomato.Zomato -->
