<?xml version="1.0" encoding="UTF-8"?>
<!-- Generated by org.testng.reporters.JUnitReportReporter -->
<testsuite skipped="0" hostname="DESKTOP-Q5NUDM9" name="org.selenium.WindowHandling" tests="1" failures="0" timestamp="2021-10-31T09:32:26 PDT" time="36.034" errors="0">
  <testcase name="test1" time="36.034" classname="org.selenium.WindowHandling"/>
  <system-out/>
</testsuite> <!-- org.selenium.WindowHandling -->
