<?xml version="1.0" encoding="UTF-8"?>
<!-- Generated by org.testng.reporters.JUnitReportReporter -->
<testsuite skipped="0" hostname="DESKTOP-Q5NUDM9" name="org.amazon.A" tests="4" failures="0" timestamp="2021-11-19T01:38:25 PST" time="0.024" errors="0">
  <testcase name="testA1" time="0.013" classname="org.amazon.A"/>
  <system-out/>
  <testcase name="testA3" time="0.004" classname="org.amazon.A"/>
  <system-out/>
  <testcase name="testA1" time="0.004" classname="org.amazon.A"/>
  <system-out/>
  <testcase name="testA2" time="0.003" classname="org.amazon.A"/>
  <system-out/>
</testsuite> <!-- org.amazon.A -->
