<?xml version="1.0" encoding="UTF-8"?>
<!-- Generated by org.testng.reporters.JUnitReportReporter -->
<testsuite hostname="DESKTOP-HUIRSRT" name="org.amazon3.Amazon" tests="1" failures="0" timestamp="4 Jan 2022 12:39:21 GMT" time="26.465" errors="0">
  <testcase name="test1" time="26.465" classname="org.amazon3.Amazon"/>
</testsuite> <!-- org.amazon3.Amazon -->
