<?xml version="1.0" encoding="UTF-8"?>
<!-- Generated by org.testng.reporters.JUnitReportReporter -->
<testsuite hostname="DESKTOP-HUIRSRT" name="org.facebook.Facebook" tests="1" failures="0" timestamp="7 Aug 2023 23:03:33 GMT" time="21.283" errors="0">
  <testcase name="face" time="21.283" classname="org.facebook.Facebook"/>
</testsuite> <!-- org.facebook.Facebook -->
