<?xml version="1.0" encoding="UTF-8"?>
<!-- Generated by org.testng.reporters.JUnitReportReporter -->
<testsuite hostname="DESKTOP-HUIRSRT" name="org.indium1.Indium" tests="1" failures="0" timestamp="10 Jun 2023 07:44:50 GMT" time="472.576" errors="0">
  <testcase name="product" time="472.576" classname="org.indium1.Indium"/>
</testsuite> <!-- org.indium1.Indium -->
