<?xml version="1.0" encoding="UTF-8"?>
<!-- Generated by org.testng.reporters.JUnitReportReporter -->
<testsuite skipped="0" hostname="DESKTOP-Q5NUDM9" name="org.adactin.Paramet" tests="1" failures="0" timestamp="16 Oct 2021 08:24:17 GMT" time="7.029" errors="0">
  <testcase name="test1" time="7.029" classname="org.adactin.Paramet"/>
</testsuite> <!-- org.adactin.Paramet -->
