<?xml version="1.0" encoding="UTF-8"?>
<!-- Generated by org.testng.reporters.JUnitReportReporter -->
<testsuite skipped="0" hostname="DESKTOP-Q5NUDM9" name="org.selenium.WindowHandlingAmazon" tests="1" failures="0" timestamp="2021-11-01T04:39:51 PDT" time="59.409" errors="0">
  <testcase name="test1" time="59.409" classname="org.selenium.WindowHandlingAmazon"/>
  <system-out/>
</testsuite> <!-- org.selenium.WindowHandlingAmazon -->
