<?xml version="1.0" encoding="UTF-8"?>
<!-- Generated by org.testng.reporters.JUnitReportReporter -->
<testsuite hostname="DESKTOP-HUIRSRT" name="org.facebook.practice" tests="1" failures="0" timestamp="23 Feb 2022 06:53:48 GMT" time="15.273" errors="0">
  <testcase name="face" time="15.273" classname="org.facebook.practice"/>
</testsuite> <!-- org.facebook.practice -->
