<?xml version="1.0" encoding="UTF-8"?>
<!-- Generated by org.testng.reporters.JUnitReportReporter -->
<testsuite skipped="0" hostname="DESKTOP-Q5NUDM9" name="org.adactin.Grouping" tests="1" failures="0" timestamp="2021-11-22T12:25:17 PST" time="0.016" errors="0">
  <testcase name="test4" time="0.016" classname="org.adactin.Grouping"/>
  <system-out/>
</testsuite> <!-- org.adactin.Grouping -->
