<?xml version="1.0" encoding="UTF-8"?>
<!-- Generated by org.testng.reporters.JUnitReportReporter -->
<testsuite hostname="DESKTOP-HUIRSRT" name="org.maha.Agarwal" tests="1" failures="0" timestamp="11 May 2022 08:26:12 GMT" time="37.771" errors="0">
  <testcase name="test" time="37.771" classname="org.maha.Agarwal"/>
</testsuite> <!-- org.maha.Agarwal -->
