<?xml version="1.0" encoding="UTF-8"?>
<!-- Generated by org.testng.reporters.JUnitReportReporter -->
<testsuite hostname="DESKTOP-HUIRSRT" name="org.work.Wayfair" tests="1" failures="0" timestamp="21 Dec 2021 20:41:29 GMT" time="0.031" errors="0">
  <testcase name="test1" time="0.031" classname="org.work.Wayfair"/>
</testsuite> <!-- org.work.Wayfair -->
