<?xml version="1.0" encoding="UTF-8"?>
<!-- Generated by org.testng.reporters.JUnitReportReporter -->
<testsuite skipped="0" hostname="DESKTOP-Q5NUDM9" name="org.loginPage.BookMyPage" tests="1" failures="0" timestamp="2021-10-30T00:40:20 PDT" time="16.837" errors="0">
  <testcase name="test1" time="16.837" classname="org.loginPage.BookMyPage"/>
  <system-out/>
</testsuite> <!-- org.loginPage.BookMyPage -->
