<?xml version="1.0" encoding="UTF-8"?>
<!-- Generated by org.testng.reporters.JUnitReportReporter -->
<testsuite hostname="DESKTOP-HUIRSRT" name="org.parallels.A" tests="3" failures="0" timestamp="10 Apr 2023 07:03:22 GMT" time="0.043" errors="0">
  <testcase name="testA2" time="0.003" classname="org.parallels.A"/>
  <testcase name="testA3" time="0.005" classname="org.parallels.A"/>
  <testcase name="testA1" time="0.035" classname="org.parallels.A"/>
</testsuite> <!-- org.parallels.A -->
