<?xml version="1.0" encoding="UTF-8"?>
<!-- Generated by org.testng.reporters.JUnitReportReporter -->
<testsuite skipped="0" hostname="DESKTOP-Q5NUDM9" name="org.adactin.AdactinHotels" tests="1" failures="0" timestamp="16 Oct 2021 08:24:54 GMT" time="16.182" errors="0">
  <testcase name="test1" time="16.182" classname="org.adactin.AdactinHotels"/>
</testsuite> <!-- org.adactin.AdactinHotels -->
