<?xml version="1.0" encoding="UTF-8"?>
<!-- Generated by org.testng.reporters.JUnitReportReporter -->
<testsuite skipped="0" hostname="DESKTOP-Q5NUDM9" name="org.xpaths.Xpaths" tests="1" failures="0" timestamp="2021-11-21T23:29:08 PST" time="0.026" errors="0">
  <testcase name="test1" time="0.026" classname="org.xpaths.Xpaths"/>
  <system-out/>
</testsuite> <!-- org.xpaths.Xpaths -->
