<?xml version="1.0" encoding="UTF-8"?>
<!-- Generated by org.testng.reporters.JUnitReportReporter -->
<testsuite skipped="0" hostname="DESKTOP-Q5NUDM9" name="org.parallels.B" tests="3" failures="0" timestamp="2021-11-19T00:58:48 PST" time="0.065" errors="0">
  <testcase name="testB3" time="0.002" classname="org.parallels.B"/>
  <system-out/>
  <testcase name="testB2" time="0.045" classname="org.parallels.B"/>
  <system-out/>
  <testcase name="testB1" time="0.018" classname="org.parallels.B"/>
  <system-out/>
</testsuite> <!-- org.parallels.B -->
