<?xml version="1.0" encoding="UTF-8"?>
<!-- Generated by org.testng.reporters.JUnitReportReporter -->
<testsuite skipped="0" hostname="DESKTOP-Q5NUDM9" name="org.flipcart.Flipcart" tests="1" failures="0" timestamp="2021-11-12T00:14:23 PST" time="42.965" errors="0">
  <testcase name="test1" time="42.965" classname="org.flipcart.Flipcart"/>
  <system-out/>
</testsuite> <!-- org.flipcart.Flipcart -->
