<?xml version="1.0" encoding="UTF-8"?>
<!-- Generated by org.testng.reporters.JUnitReportReporter -->
<testsuite skipped="0" hostname="DESKTOP-Q5NUDM9" name="org.adactin.Work" tests="4" failures="0" timestamp="2021-10-21T12:03:24 PDT" time="0.028" errors="0">
  <testcase name="test2" time="0.004" classname="org.adactin.Work"/>
  <system-out/>
  <testcase name="test4" time="0.004" classname="org.adactin.Work"/>
  <system-out/>
  <testcase name="test3" time="0.005" classname="org.adactin.Work"/>
  <system-out/>
  <testcase name="test1" time="0.015" classname="org.adactin.Work"/>
  <system-out/>
</testsuite> <!-- org.adactin.Work -->
