<?xml version="1.0" encoding="UTF-8"?>
<!-- Generated by org.testng.reporters.JUnitReportReporter -->
<testsuite skipped="0" hostname="DESKTOP-Q5NUDM9" name="org.parallels.C" tests="3" failures="0" timestamp="2021-11-19T00:58:48 PST" time="0.034" errors="0">
  <testcase name="testC1" time="0.023" classname="org.parallels.C"/>
  <system-out/>
  <testcase name="testC3" time="0.005" classname="org.parallels.C"/>
  <system-out/>
  <testcase name="testC2" time="0.006" classname="org.parallels.C"/>
  <system-out/>
</testsuite> <!-- org.parallels.C -->
